<?xml version="1.0" encoding="UTF-8"?>
<!-- Generated by org.testng.reporters.JUnitReportReporter -->
<testsuite skipped="0" hostname="Sowbhas-iMac.local" name="com.wordpress.test.LoginpageTest" tests="4" failures="0" timestamp="27 May 2019 04:47:01 GMT" time="10.855" errors="0">
  <testcase name="validateloginTest" time="2.177" classname="com.wordpress.test.LoginpageTest"/>
  <testcase name="validateincorrectloginTest2" time="4.715" classname="com.wordpress.test.LoginpageTest"/>
  <testcase name="validatetitleTest" time="1.464" classname="com.wordpress.test.LoginpageTest"/>
  <testcase name="validateincorrectloginTest1" time="2.499" classname="com.wordpress.test.LoginpageTest"/>
</testsuite> <!-- com.wordpress.test.LoginpageTest -->
